pulling code
From https://github.com/iceysteel/lynkd
   65fab80..d18c0c5  master     -> origin/master
Updating 65fab80..d18c0c5
Fast-forward
 test.php | 2 ++
 1 file changed, 2 insertions(+)
pulling code
Already up-to-date.
pulling code
Already up-to-date.
pulling code
Already up-to-date.
pulling code
Already up-to-date.
pulling code
Already up-to-date.
pulling code
Already up-to-date.
pulling code
Already up-to-date.
pulling code
Already up-to-date.
pulling code
Already up-to-date.
pulling code
Already up-to-date.
pulling code
Already up-to-date.
pulling code
Already up-to-date.
