

Started GET "/" for 76.93.148.250 at 2015-02-20 22:38:25 -0500
Processing by Rails::WelcomeController#index as HTML
  Rendered /usr/local/lib/ruby/gems/2.2.0/gems/railties-4.2.0/lib/rails/templates/rails/welcome/index.html.erb (2.0ms)
Completed 200 OK in 23ms (Views: 13.0ms | ActiveRecord: 0.0ms)


Started GET "/" for 76.93.148.250 at 2015-02-20 22:40:00 -0500
Processing by Rails::WelcomeController#index as HTML
  Rendered /usr/local/lib/ruby/gems/2.2.0/gems/railties-4.2.0/lib/rails/templates/rails/welcome/index.html.erb (2.1ms)
Completed 200 OK in 21ms (Views: 11.0ms | ActiveRecord: 0.0ms)


Started GET "/" for 76.93.148.250 at 2015-02-20 22:45:23 -0500
Processing by Rails::WelcomeController#index as HTML
  Rendered /usr/local/lib/ruby/gems/2.2.0/gems/railties-4.2.0/lib/rails/templates/rails/welcome/index.html.erb (1.8ms)
Completed 200 OK in 19ms (Views: 9.5ms | ActiveRecord: 0.0ms)


Started GET "/" for 76.93.148.250 at 2015-02-20 22:48:25 -0500
Processing by Rails::WelcomeController#index as HTML
  Rendered /usr/local/lib/ruby/gems/2.2.0/gems/railties-4.2.0/lib/rails/templates/rails/welcome/index.html.erb (1.8ms)
Completed 200 OK in 19ms (Views: 9.7ms | ActiveRecord: 0.0ms)


Started GET "/" for 76.93.148.250 at 2015-02-20 23:08:36 -0500
Processing by Rails::WelcomeController#index as HTML
  Rendered /usr/local/lib/ruby/gems/2.2.0/gems/railties-4.2.0/lib/rails/templates/rails/welcome/index.html.erb (1.9ms)
Completed 200 OK in 21ms (Views: 11.4ms | ActiveRecord: 0.0ms)


Started GET "/" for 76.93.148.250 at 2015-02-20 23:12:40 -0500
DEPRECATION WARNING: Defining a route where `to` is a controller without an action is deprecated. Please change `to: :home/index` to `controller: :home/index`. (called from block in <top (required)> at /home/railz/lynkd/config/routes.rb:2)

ArgumentError (Missing :action key on routes definition, please check your routes.):
  config/routes.rb:2:in `block in <top (required)>'
  config/routes.rb:1:in `<top (required)>'


  Rendered /usr/local/lib/ruby/gems/2.2.0/gems/web-console-2.0.0/lib/action_dispatch/templates/rescues/_source.erb (5.7ms)
  Rendered /usr/local/lib/ruby/gems/2.2.0/gems/web-console-2.0.0/lib/action_dispatch/templates/rescues/_trace.html.erb (3.4ms)
  Rendered /usr/local/lib/ruby/gems/2.2.0/gems/web-console-2.0.0/lib/action_dispatch/templates/rescues/_request_and_response.html.erb (1.8ms)
  Rendered /usr/local/lib/ruby/gems/2.2.0/gems/web-console-2.0.0/lib/action_dispatch/templates/rescues/_web_console.html.erb (1.1ms)
  Rendered /usr/local/lib/ruby/gems/2.2.0/gems/web-console-2.0.0/lib/action_dispatch/templates/rescues/diagnostics.html.erb within rescues/layout (34.5ms)


Started GET "/" for 76.93.148.250 at 2015-02-20 23:12:40 -0500

ActionController::RoutingError (No route matches [GET] "/"):
  web-console (2.0.0) lib/action_dispatch/debug_exceptions.rb:22:in `middleware_call'
  web-console (2.0.0) lib/action_dispatch/debug_exceptions.rb:13:in `call'
  actionpack (4.2.0) lib/action_dispatch/middleware/show_exceptions.rb:30:in `call'
  railties (4.2.0) lib/rails/rack/logger.rb:38:in `call_app'
  railties (4.2.0) lib/rails/rack/logger.rb:20:in `block in call'
  activesupport (4.2.0) lib/active_support/tagged_logging.rb:68:in `block in tagged'
  activesupport (4.2.0) lib/active_support/tagged_logging.rb:26:in `tagged'
  activesupport (4.2.0) lib/active_support/tagged_logging.rb:68:in `tagged'
  railties (4.2.0) lib/rails/rack/logger.rb:20:in `call'
  actionpack (4.2.0) lib/action_dispatch/middleware/request_id.rb:21:in `call'
  rack (1.6.0) lib/rack/methodoverride.rb:22:in `call'
  rack (1.6.0) lib/rack/runtime.rb:18:in `call'
  activesupport (4.2.0) lib/active_support/cache/strategy/local_cache_middleware.rb:28:in `call'
  rack (1.6.0) lib/rack/lock.rb:17:in `call'
  actionpack (4.2.0) lib/action_dispatch/middleware/static.rb:113:in `call'
  rack (1.6.0) lib/rack/sendfile.rb:113:in `call'
  railties (4.2.0) lib/rails/engine.rb:518:in `call'
  railties (4.2.0) lib/rails/application.rb:164:in `call'
  rack (1.6.0) lib/rack/lock.rb:17:in `call'
  rack (1.6.0) lib/rack/content_length.rb:15:in `call'
  rack (1.6.0) lib/rack/handler/webrick.rb:89:in `service'
  /usr/local/lib/ruby/2.2.0/webrick/httpserver.rb:138:in `service'
  /usr/local/lib/ruby/2.2.0/webrick/httpserver.rb:94:in `run'
  /usr/local/lib/ruby/2.2.0/webrick/server.rb:294:in `block in start_thread'


  Rendered /usr/local/lib/ruby/gems/2.2.0/gems/web-console-2.0.0/lib/action_dispatch/templates/rescues/_trace.html.erb (2.3ms)
  Rendered /usr/local/lib/ruby/gems/2.2.0/gems/web-console-2.0.0/lib/action_dispatch/templates/routes/_table.html.erb (11.4ms)
  Rendered /usr/local/lib/ruby/gems/2.2.0/gems/web-console-2.0.0/lib/action_dispatch/templates/rescues/_request_and_response.html.erb (1.5ms)
  Rendered /usr/local/lib/ruby/gems/2.2.0/gems/web-console-2.0.0/lib/action_dispatch/templates/rescues/_web_console.html.erb (1.0ms)
  Rendered /usr/local/lib/ruby/gems/2.2.0/gems/web-console-2.0.0/lib/action_dispatch/templates/rescues/routing_error.html.erb within rescues/layout (38.7ms)


Started GET "/" for 76.93.148.250 at 2015-02-20 23:12:47 -0500

ActionController::RoutingError (No route matches [GET] "/"):
  web-console (2.0.0) lib/action_dispatch/debug_exceptions.rb:22:in `middleware_call'
  web-console (2.0.0) lib/action_dispatch/debug_exceptions.rb:13:in `call'
  actionpack (4.2.0) lib/action_dispatch/middleware/show_exceptions.rb:30:in `call'
  railties (4.2.0) lib/rails/rack/logger.rb:38:in `call_app'
  railties (4.2.0) lib/rails/rack/logger.rb:20:in `block in call'
  activesupport (4.2.0) lib/active_support/tagged_logging.rb:68:in `block in tagged'
  activesupport (4.2.0) lib/active_support/tagged_logging.rb:26:in `tagged'
  activesupport (4.2.0) lib/active_support/tagged_logging.rb:68:in `tagged'
  railties (4.2.0) lib/rails/rack/logger.rb:20:in `call'
  actionpack (4.2.0) lib/action_dispatch/middleware/request_id.rb:21:in `call'
  rack (1.6.0) lib/rack/methodoverride.rb:22:in `call'
  rack (1.6.0) lib/rack/runtime.rb:18:in `call'
  activesupport (4.2.0) lib/active_support/cache/strategy/local_cache_middleware.rb:28:in `call'
  rack (1.6.0) lib/rack/lock.rb:17:in `call'
  actionpack (4.2.0) lib/action_dispatch/middleware/static.rb:113:in `call'
  rack (1.6.0) lib/rack/sendfile.rb:113:in `call'
  railties (4.2.0) lib/rails/engine.rb:518:in `call'
  railties (4.2.0) lib/rails/application.rb:164:in `call'
  rack (1.6.0) lib/rack/lock.rb:17:in `call'
  rack (1.6.0) lib/rack/content_length.rb:15:in `call'
  rack (1.6.0) lib/rack/handler/webrick.rb:89:in `service'
  /usr/local/lib/ruby/2.2.0/webrick/httpserver.rb:138:in `service'
  /usr/local/lib/ruby/2.2.0/webrick/httpserver.rb:94:in `run'
  /usr/local/lib/ruby/2.2.0/webrick/server.rb:294:in `block in start_thread'


  Rendered /usr/local/lib/ruby/gems/2.2.0/gems/web-console-2.0.0/lib/action_dispatch/templates/rescues/_trace.html.erb (2.0ms)
  Rendered /usr/local/lib/ruby/gems/2.2.0/gems/web-console-2.0.0/lib/action_dispatch/templates/routes/_table.html.erb (1.7ms)
  Rendered /usr/local/lib/ruby/gems/2.2.0/gems/web-console-2.0.0/lib/action_dispatch/templates/rescues/_request_and_response.html.erb (1.5ms)
  Rendered /usr/local/lib/ruby/gems/2.2.0/gems/web-console-2.0.0/lib/action_dispatch/templates/rescues/_web_console.html.erb (1.4ms)
  Rendered /usr/local/lib/ruby/gems/2.2.0/gems/web-console-2.0.0/lib/action_dispatch/templates/rescues/routing_error.html.erb within rescues/layout (24.6ms)


Started GET "/" for 76.93.148.250 at 2015-02-20 23:13:17 -0500
DEPRECATION WARNING: Defining a route where `to` is a controller without an action is deprecated. Please change `to: :home/index` to `controller: :home/index`. (called from block in <top (required)> at /home/railz/lynkd/config/routes.rb:3)

ArgumentError (Missing :action key on routes definition, please check your routes.):
  config/routes.rb:3:in `block in <top (required)>'
  config/routes.rb:1:in `<top (required)>'


  Rendered /usr/local/lib/ruby/gems/2.2.0/gems/web-console-2.0.0/lib/action_dispatch/templates/rescues/_source.erb (5.4ms)
  Rendered /usr/local/lib/ruby/gems/2.2.0/gems/web-console-2.0.0/lib/action_dispatch/templates/rescues/_trace.html.erb (2.8ms)
  Rendered /usr/local/lib/ruby/gems/2.2.0/gems/web-console-2.0.0/lib/action_dispatch/templates/rescues/_request_and_response.html.erb (2.8ms)
  Rendered /usr/local/lib/ruby/gems/2.2.0/gems/web-console-2.0.0/lib/action_dispatch/templates/rescues/_web_console.html.erb (1.0ms)
  Rendered /usr/local/lib/ruby/gems/2.2.0/gems/web-console-2.0.0/lib/action_dispatch/templates/rescues/diagnostics.html.erb within rescues/layout (28.9ms)


Started GET "/" for 76.93.148.250 at 2015-02-20 23:13:43 -0500
Processing by HomeController#index as HTML
  Rendered home/index.html.erb within layouts/application (0.4ms)
Completed 200 OK in 466ms (Views: 464.8ms | ActiveRecord: 0.0ms)


Started GET "/assets/home-64e62ddc273c2f5847f30d698ca14b67.css?body=1" for 76.93.148.250 at 2015-02-20 23:13:43 -0500


Started GET "/assets/jquery-87424c3c19e96d4fb033c10ebe21ec40.js?body=1" for 76.93.148.250 at 2015-02-20 23:13:43 -0500


Started GET "/assets/application-5266d2988799ecc8fe6e81eaab412e7d.css?body=1" for 76.93.148.250 at 2015-02-20 23:13:43 -0500


Started GET "/assets/jquery_ujs-e27bd20a10d28155845a22d71ef94f2f.js?body=1" for 76.93.148.250 at 2015-02-20 23:13:43 -0500


Started GET "/assets/turbolinks-f87b3583ca50adb0488b031297f5580d.js?body=1" for 76.93.148.250 at 2015-02-20 23:13:43 -0500


Started GET "/assets/home-fcec5b5a277ac7c20cc9f45a209a3bcd.js?body=1" for 76.93.148.250 at 2015-02-20 23:13:43 -0500


Started GET "/assets/application-001948a807d6467a657420955d9f0c1c.js?body=1" for 76.93.148.250 at 2015-02-20 23:13:43 -0500


Started GET "/entries/new" for 76.93.148.250 at 2015-02-20 23:34:51 -0500
Processing by EntriesController#new as HTML
Completed 500 Internal Server Error in 9ms

ActionView::MissingTemplate (Missing template entries/new, application/new with {:locale=>[:en], :formats=>[:html], :variants=>[], :handlers=>[:erb, :builder, :raw, :ruby, :coffee, :jbuilder]}. Searched in:
  * "/usr/local/lib/ruby/gems/2.2.0/gems/web-console-2.0.0/lib/action_dispatch/templates"
  * "/home/railz/lynkd/app/views"
):
  actionview (4.2.0) lib/action_view/path_set.rb:46:in `find'
  actionview (4.2.0) lib/action_view/lookup_context.rb:121:in `find'
  actionview (4.2.0) lib/action_view/renderer/abstract_renderer.rb:18:in `find_template'
  actionview (4.2.0) lib/action_view/renderer/template_renderer.rb:40:in `determine_template'
  actionview (4.2.0) lib/action_view/renderer/template_renderer.rb:8:in `render'
  actionview (4.2.0) lib/action_view/renderer/renderer.rb:42:in `render_template'
  actionview (4.2.0) lib/action_view/renderer/renderer.rb:23:in `render'
  actionview (4.2.0) lib/action_view/rendering.rb:100:in `_render_template'
  actionpack (4.2.0) lib/action_controller/metal/streaming.rb:217:in `_render_template'
  actionview (4.2.0) lib/action_view/rendering.rb:83:in `render_to_body'
  actionpack (4.2.0) lib/action_controller/metal/rendering.rb:32:in `render_to_body'
  actionpack (4.2.0) lib/action_controller/metal/renderers.rb:37:in `render_to_body'
  actionpack (4.2.0) lib/abstract_controller/rendering.rb:25:in `render'
  actionpack (4.2.0) lib/action_controller/metal/rendering.rb:16:in `render'
  actionpack (4.2.0) lib/action_controller/metal/instrumentation.rb:41:in `block (2 levels) in render'
  activesupport (4.2.0) lib/active_support/core_ext/benchmark.rb:12:in `block in ms'
  /usr/local/lib/ruby/2.2.0/benchmark.rb:303:in `realtime'
  activesupport (4.2.0) lib/active_support/core_ext/benchmark.rb:12:in `ms'
  actionpack (4.2.0) lib/action_controller/metal/instrumentation.rb:41:in `block in render'
  actionpack (4.2.0) lib/action_controller/metal/instrumentation.rb:84:in `cleanup_view_runtime'
  activerecord (4.2.0) lib/active_record/railties/controller_runtime.rb:25:in `cleanup_view_runtime'
  actionpack (4.2.0) lib/action_controller/metal/instrumentation.rb:40:in `render'
  actionpack (4.2.0) lib/action_controller/metal/implicit_render.rb:10:in `default_render'
  actionpack (4.2.0) lib/action_controller/metal/implicit_render.rb:5:in `send_action'
  actionpack (4.2.0) lib/abstract_controller/base.rb:198:in `process_action'
  actionpack (4.2.0) lib/action_controller/metal/rendering.rb:10:in `process_action'
  actionpack (4.2.0) lib/abstract_controller/callbacks.rb:20:in `block in process_action'
  activesupport (4.2.0) lib/active_support/callbacks.rb:117:in `call'
  activesupport (4.2.0) lib/active_support/callbacks.rb:117:in `call'
  activesupport (4.2.0) lib/active_support/callbacks.rb:234:in `block in halting'
  activesupport (4.2.0) lib/active_support/callbacks.rb:234:in `call'
  activesupport (4.2.0) lib/active_support/callbacks.rb:234:in `block in halting'
  activesupport (4.2.0) lib/active_support/callbacks.rb:169:in `call'
  activesupport (4.2.0) lib/active_support/callbacks.rb:169:in `block in halting'
  activesupport (4.2.0) lib/active_support/callbacks.rb:169:in `call'
  activesupport (4.2.0) lib/active_support/callbacks.rb:169:in `block in halting'
  activesupport (4.2.0) lib/active_support/callbacks.rb:234:in `call'
  activesupport (4.2.0) lib/active_support/callbacks.rb:234:in `block in halting'
  activesupport (4.2.0) lib/active_support/callbacks.rb:169:in `call'
  activesupport (4.2.0) lib/active_support/callbacks.rb:169:in `block in halting'
  activesupport (4.2.0) lib/active_support/callbacks.rb:92:in `call'
  activesupport (4.2.0) lib/active_support/callbacks.rb:92:in `_run_callbacks'
  activesupport (4.2.0) lib/active_support/callbacks.rb:734:in `_run_process_action_callbacks'
  activesupport (4.2.0) lib/active_support/callbacks.rb:81:in `run_callbacks'
  actionpack (4.2.0) lib/abstract_controller/callbacks.rb:19:in `process_action'
  actionpack (4.2.0) lib/action_controller/metal/rescue.rb:29:in `process_action'
  actionpack (4.2.0) lib/action_controller/metal/instrumentation.rb:31:in `block in process_action'
  activesupport (4.2.0) lib/active_support/notifications.rb:164:in `block in instrument'
  activesupport (4.2.0) lib/active_support/notifications/instrumenter.rb:20:in `instrument'
  activesupport (4.2.0) lib/active_support/notifications.rb:164:in `instrument'
  actionpack (4.2.0) lib/action_controller/metal/instrumentation.rb:30:in `process_action'
  actionpack (4.2.0) lib/action_controller/metal/params_wrapper.rb:250:in `process_action'
  activerecord (4.2.0) lib/active_record/railties/controller_runtime.rb:18:in `process_action'
  actionpack (4.2.0) lib/abstract_controller/base.rb:137:in `process'
  actionview (4.2.0) lib/action_view/rendering.rb:30:in `process'
  actionpack (4.2.0) lib/action_controller/metal.rb:195:in `dispatch'
  actionpack (4.2.0) lib/action_controller/metal/rack_delegation.rb:13:in `dispatch'
  actionpack (4.2.0) lib/action_controller/metal.rb:236:in `block in action'
  actionpack (4.2.0) lib/action_dispatch/routing/route_set.rb:73:in `call'
  actionpack (4.2.0) lib/action_dispatch/routing/route_set.rb:73:in `dispatch'
  actionpack (4.2.0) lib/action_dispatch/routing/route_set.rb:42:in `serve'
  actionpack (4.2.0) lib/action_dispatch/journey/router.rb:43:in `block in serve'
  actionpack (4.2.0) lib/action_dispatch/journey/router.rb:30:in `each'
  actionpack (4.2.0) lib/action_dispatch/journey/router.rb:30:in `serve'
  actionpack (4.2.0) lib/action_dispatch/routing/route_set.rb:802:in `call'
  rack (1.6.0) lib/rack/etag.rb:24:in `call'
  rack (1.6.0) lib/rack/conditionalget.rb:25:in `call'
  rack (1.6.0) lib/rack/head.rb:13:in `call'
  actionpack (4.2.0) lib/action_dispatch/middleware/params_parser.rb:27:in `call'
  actionpack (4.2.0) lib/action_dispatch/middleware/flash.rb:260:in `call'
  rack (1.6.0) lib/rack/session/abstract/id.rb:225:in `context'
  rack (1.6.0) lib/rack/session/abstract/id.rb:220:in `call'
  actionpack (4.2.0) lib/action_dispatch/middleware/cookies.rb:560:in `call'
  activerecord (4.2.0) lib/active_record/query_cache.rb:36:in `call'
  activerecord (4.2.0) lib/active_record/connection_adapters/abstract/connection_pool.rb:647:in `call'
  activerecord (4.2.0) lib/active_record/migration.rb:378:in `call'
  actionpack (4.2.0) lib/action_dispatch/middleware/callbacks.rb:29:in `block in call'
  activesupport (4.2.0) lib/active_support/callbacks.rb:88:in `call'
  activesupport (4.2.0) lib/active_support/callbacks.rb:88:in `_run_callbacks'
  activesupport (4.2.0) lib/active_support/callbacks.rb:734:in `_run_call_callbacks'
  activesupport (4.2.0) lib/active_support/callbacks.rb:81:in `run_callbacks'
  actionpack (4.2.0) lib/action_dispatch/middleware/callbacks.rb:27:in `call'
  actionpack (4.2.0) lib/action_dispatch/middleware/reloader.rb:73:in `call'
  actionpack (4.2.0) lib/action_dispatch/middleware/remote_ip.rb:78:in `call'
  web-console (2.0.0) lib/action_dispatch/debug_exceptions.rb:18:in `middleware_call'
  web-console (2.0.0) lib/action_dispatch/debug_exceptions.rb:13:in `call'
  actionpack (4.2.0) lib/action_dispatch/middleware/show_exceptions.rb:30:in `call'
  railties (4.2.0) lib/rails/rack/logger.rb:38:in `call_app'
  railties (4.2.0) lib/rails/rack/logger.rb:20:in `block in call'
  activesupport (4.2.0) lib/active_support/tagged_logging.rb:68:in `block in tagged'
  activesupport (4.2.0) lib/active_support/tagged_logging.rb:26:in `tagged'
  activesupport (4.2.0) lib/active_support/tagged_logging.rb:68:in `tagged'
  railties (4.2.0) lib/rails/rack/logger.rb:20:in `call'
  actionpack (4.2.0) lib/action_dispatch/middleware/request_id.rb:21:in `call'
  rack (1.6.0) lib/rack/methodoverride.rb:22:in `call'
  rack (1.6.0) lib/rack/runtime.rb:18:in `call'
  activesupport (4.2.0) lib/active_support/cache/strategy/local_cache_middleware.rb:28:in `call'
  rack (1.6.0) lib/rack/lock.rb:17:in `call'
  actionpack (4.2.0) lib/action_dispatch/middleware/static.rb:113:in `call'
  rack (1.6.0) lib/rack/sendfile.rb:113:in `call'
  railties (4.2.0) lib/rails/engine.rb:518:in `call'
  railties (4.2.0) lib/rails/application.rb:164:in `call'
  rack (1.6.0) lib/rack/lock.rb:17:in `call'
  rack (1.6.0) lib/rack/content_length.rb:15:in `call'
  rack (1.6.0) lib/rack/handler/webrick.rb:89:in `service'
  /usr/local/lib/ruby/2.2.0/webrick/httpserver.rb:138:in `service'
  /usr/local/lib/ruby/2.2.0/webrick/httpserver.rb:94:in `run'
  /usr/local/lib/ruby/2.2.0/webrick/server.rb:294:in `block in start_thread'


  Rendered /usr/local/lib/ruby/gems/2.2.0/gems/web-console-2.0.0/lib/action_dispatch/templates/rescues/_source.erb (7.6ms)
  Rendered /usr/local/lib/ruby/gems/2.2.0/gems/web-console-2.0.0/lib/action_dispatch/templates/rescues/_trace.html.erb (3.6ms)
  Rendered /usr/local/lib/ruby/gems/2.2.0/gems/web-console-2.0.0/lib/action_dispatch/templates/rescues/_request_and_response.html.erb (1.3ms)
  Rendered /usr/local/lib/ruby/gems/2.2.0/gems/web-console-2.0.0/lib/action_dispatch/templates/rescues/_web_console.html.erb (1.2ms)
  Rendered /usr/local/lib/ruby/gems/2.2.0/gems/web-console-2.0.0/lib/action_dispatch/templates/rescues/missing_template.html.erb within rescues/layout (31.0ms)


Started GET "/entrys/new" for 76.93.148.250 at 2015-02-20 23:44:31 -0500

ActionController::RoutingError (No route matches [GET] "/entrys/new"):
  web-console (2.0.0) lib/action_dispatch/debug_exceptions.rb:22:in `middleware_call'
  web-console (2.0.0) lib/action_dispatch/debug_exceptions.rb:13:in `call'
  actionpack (4.2.0) lib/action_dispatch/middleware/show_exceptions.rb:30:in `call'
  railties (4.2.0) lib/rails/rack/logger.rb:38:in `call_app'
  railties (4.2.0) lib/rails/rack/logger.rb:20:in `block in call'
  activesupport (4.2.0) lib/active_support/tagged_logging.rb:68:in `block in tagged'
  activesupport (4.2.0) lib/active_support/tagged_logging.rb:26:in `tagged'
  activesupport (4.2.0) lib/active_support/tagged_logging.rb:68:in `tagged'
  railties (4.2.0) lib/rails/rack/logger.rb:20:in `call'
  actionpack (4.2.0) lib/action_dispatch/middleware/request_id.rb:21:in `call'
  rack (1.6.0) lib/rack/methodoverride.rb:22:in `call'
  rack (1.6.0) lib/rack/runtime.rb:18:in `call'
  activesupport (4.2.0) lib/active_support/cache/strategy/local_cache_middleware.rb:28:in `call'
  rack (1.6.0) lib/rack/lock.rb:17:in `call'
  actionpack (4.2.0) lib/action_dispatch/middleware/static.rb:113:in `call'
  rack (1.6.0) lib/rack/sendfile.rb:113:in `call'
  railties (4.2.0) lib/rails/engine.rb:518:in `call'
  railties (4.2.0) lib/rails/application.rb:164:in `call'
  rack (1.6.0) lib/rack/lock.rb:17:in `call'
  rack (1.6.0) lib/rack/content_length.rb:15:in `call'
  rack (1.6.0) lib/rack/handler/webrick.rb:89:in `service'
  /usr/local/lib/ruby/2.2.0/webrick/httpserver.rb:138:in `service'
  /usr/local/lib/ruby/2.2.0/webrick/httpserver.rb:94:in `run'
  /usr/local/lib/ruby/2.2.0/webrick/server.rb:294:in `block in start_thread'


  Rendered /usr/local/lib/ruby/gems/2.2.0/gems/web-console-2.0.0/lib/action_dispatch/templates/rescues/_trace.html.erb (2.6ms)
  Rendered /usr/local/lib/ruby/gems/2.2.0/gems/web-console-2.0.0/lib/action_dispatch/templates/routes/_route.html.erb (2.0ms)
  Rendered /usr/local/lib/ruby/gems/2.2.0/gems/web-console-2.0.0/lib/action_dispatch/templates/routes/_table.html.erb (2.4ms)
  Rendered /usr/local/lib/ruby/gems/2.2.0/gems/web-console-2.0.0/lib/action_dispatch/templates/rescues/_request_and_response.html.erb (2.6ms)
  Rendered /usr/local/lib/ruby/gems/2.2.0/gems/web-console-2.0.0/lib/action_dispatch/templates/rescues/_web_console.html.erb (1.2ms)
  Rendered /usr/local/lib/ruby/gems/2.2.0/gems/web-console-2.0.0/lib/action_dispatch/templates/rescues/routing_error.html.erb within rescues/layout (42.5ms)


Started GET "/entries/new" for 76.93.148.250 at 2015-02-20 23:44:57 -0500
Processing by EntriesController#new as HTML
  Rendered entries/new.html.erb within layouts/application (19.3ms)
Completed 200 OK in 156ms (Views: 154.4ms | ActiveRecord: 0.0ms)


Started GET "/assets/entries-64e62ddc273c2f5847f30d698ca14b67.css?body=1" for 76.93.148.250 at 2015-02-20 23:44:57 -0500


Started GET "/assets/application-5266d2988799ecc8fe6e81eaab412e7d.css?body=1" for 76.93.148.250 at 2015-02-20 23:44:57 -0500


Started GET "/assets/jquery-87424c3c19e96d4fb033c10ebe21ec40.js?body=1" for 76.93.148.250 at 2015-02-20 23:44:57 -0500


Started GET "/assets/home-64e62ddc273c2f5847f30d698ca14b67.css?body=1" for 76.93.148.250 at 2015-02-20 23:44:57 -0500


Started GET "/assets/jquery_ujs-e27bd20a10d28155845a22d71ef94f2f.js?body=1" for 76.93.148.250 at 2015-02-20 23:44:57 -0500


Started GET "/assets/turbolinks-f87b3583ca50adb0488b031297f5580d.js?body=1" for 76.93.148.250 at 2015-02-20 23:44:57 -0500


Started GET "/assets/entries-fcec5b5a277ac7c20cc9f45a209a3bcd.js?body=1" for 76.93.148.250 at 2015-02-20 23:44:57 -0500


Started GET "/assets/home-fcec5b5a277ac7c20cc9f45a209a3bcd.js?body=1" for 76.93.148.250 at 2015-02-20 23:44:57 -0500


Started GET "/assets/application-d5dd9df895e734baa4e6c45e5b5415a9.js?body=1" for 76.93.148.250 at 2015-02-20 23:44:57 -0500


Started POST "/entries/new" for 76.93.148.250 at 2015-02-20 23:45:14 -0500

ActionController::RoutingError (No route matches [POST] "/entries/new"):
  web-console (2.0.0) lib/action_dispatch/debug_exceptions.rb:22:in `middleware_call'
  web-console (2.0.0) lib/action_dispatch/debug_exceptions.rb:13:in `call'
  actionpack (4.2.0) lib/action_dispatch/middleware/show_exceptions.rb:30:in `call'
  railties (4.2.0) lib/rails/rack/logger.rb:38:in `call_app'
  railties (4.2.0) lib/rails/rack/logger.rb:20:in `block in call'
  activesupport (4.2.0) lib/active_support/tagged_logging.rb:68:in `block in tagged'
  activesupport (4.2.0) lib/active_support/tagged_logging.rb:26:in `tagged'
  activesupport (4.2.0) lib/active_support/tagged_logging.rb:68:in `tagged'
  railties (4.2.0) lib/rails/rack/logger.rb:20:in `call'
  actionpack (4.2.0) lib/action_dispatch/middleware/request_id.rb:21:in `call'
  rack (1.6.0) lib/rack/methodoverride.rb:22:in `call'
  rack (1.6.0) lib/rack/runtime.rb:18:in `call'
  activesupport (4.2.0) lib/active_support/cache/strategy/local_cache_middleware.rb:28:in `call'
  rack (1.6.0) lib/rack/lock.rb:17:in `call'
  actionpack (4.2.0) lib/action_dispatch/middleware/static.rb:113:in `call'
  rack (1.6.0) lib/rack/sendfile.rb:113:in `call'
  railties (4.2.0) lib/rails/engine.rb:518:in `call'
  railties (4.2.0) lib/rails/application.rb:164:in `call'
  rack (1.6.0) lib/rack/lock.rb:17:in `call'
  rack (1.6.0) lib/rack/content_length.rb:15:in `call'
  rack (1.6.0) lib/rack/handler/webrick.rb:89:in `service'
  /usr/local/lib/ruby/2.2.0/webrick/httpserver.rb:138:in `service'
  /usr/local/lib/ruby/2.2.0/webrick/httpserver.rb:94:in `run'
  /usr/local/lib/ruby/2.2.0/webrick/server.rb:294:in `block in start_thread'


  Rendered /usr/local/lib/ruby/gems/2.2.0/gems/web-console-2.0.0/lib/action_dispatch/templates/rescues/_trace.html.erb (1.8ms)
  Rendered /usr/local/lib/ruby/gems/2.2.0/gems/web-console-2.0.0/lib/action_dispatch/templates/routes/_route.html.erb (1.4ms)
  Rendered /usr/local/lib/ruby/gems/2.2.0/gems/web-console-2.0.0/lib/action_dispatch/templates/routes/_table.html.erb (1.7ms)
  Rendered /usr/local/lib/ruby/gems/2.2.0/gems/web-console-2.0.0/lib/action_dispatch/templates/rescues/_request_and_response.html.erb (2.9ms)
  Rendered /usr/local/lib/ruby/gems/2.2.0/gems/web-console-2.0.0/lib/action_dispatch/templates/rescues/_web_console.html.erb (1.4ms)
  Rendered /usr/local/lib/ruby/gems/2.2.0/gems/web-console-2.0.0/lib/action_dispatch/templates/rescues/routing_error.html.erb within rescues/layout (33.4ms)
