pulling code
From https://github.com/iceysteel/lynkd
   65fab80..d18c0c5  master     -> origin/master
Updating 65fab80..d18c0c5
Fast-forward
 test.php | 2 ++
 1 file changed, 2 insertions(+)
pulling code
Already up-to-date.
pulling code
Already up-to-date.
pulling code
Already up-to-date.
pulling code
Already up-to-date.
pulling code
Already up-to-date.
pulling code
Already up-to-date.
pulling code
Already up-to-date.
pulling code
Already up-to-date.
pulling code
Already up-to-date.
pulling code
Already up-to-date.
pulling code
Already up-to-date.
pulling code
Already up-to-date.
pulling code
Already up-to-date.
pulling code
Already up-to-date.
pulling code
Already up-to-date.
pulling code
Already up-to-date.
pulling code
From https://github.com/iceysteel/lynkd
   8a741be..e40ca0e  master     -> origin/master
Updating 8a741be..e40ca0e
Fast-forward
 searchclass.php | 6 +++++-
 1 file changed, 5 insertions(+), 1 deletion(-)
pulling code
Already up-to-date.
pulling code
Already up-to-date.
pulling code
From https://github.com/iceysteel/lynkd
   e40ca0e..34c4852  master     -> origin/master
Updating e40ca0e..34c4852
Fast-forward
 css/parallax.css |   5 ++---
 img/studying.jpg | Bin 103065 -> 6937255 bytes
 index.html       |  39 +++++++++++++++++++++++++++++++--------
 3 files changed, 33 insertions(+), 11 deletions(-)
pulling code
Already up-to-date.
pulling code
Already up-to-date.
pulling code
Already up-to-date.
pulling code
Already up-to-date.
pulling code
Already up-to-date.
pulling code
Already up-to-date.
pulling code
Already up-to-date.
pulling code
Already up-to-date.
pulling code
Already up-to-date.
pulling code
Already up-to-date.
pulling code
Already up-to-date.
pulling code
Already up-to-date.
pulling code
Already up-to-date.
pulling code
Already up-to-date.
pulling code
Already up-to-date.
pulling code
Already up-to-date.
pulling code
Already up-to-date.
pulling code
Already up-to-date.
pulling code
From https://github.com/iceysteel/lynkd
   34c4852..c5f3b30  master     -> origin/master
Updating 34c4852..c5f3b30
Fast-forward
 index.html | 10 ++++++++++
 1 file changed, 10 insertions(+)
pulling code
Already up-to-date.
pulling code
Already up-to-date.
pulling code
Already up-to-date.
pulling code
Already up-to-date.
pulling code
Already up-to-date.
pulling code
Already up-to-date.
pulling code
Already up-to-date.
pulling code
Already up-to-date.
pulling code
Already up-to-date.
pulling code
From https://github.com/iceysteel/lynkd
   c5f3b30..97e6f30  master     -> origin/master
Updating c5f3b30..97e6f30
Fast-forward
 index.html | 12 ++----------
 1 file changed, 2 insertions(+), 10 deletions(-)
pulling code
Already up-to-date.
pulling code
Already up-to-date.
pulling code
Already up-to-date.
pulling code
Already up-to-date.
pulling code
Already up-to-date.
pulling code
Already up-to-date.
pulling code
Already up-to-date.
pulling code
Already up-to-date.
pulling code
Already up-to-date.
pulling code
Already up-to-date.
pulling code
Already up-to-date.
pulling code
Already up-to-date.
pulling code
Already up-to-date.
pulling code
Already up-to-date.
pulling code
Already up-to-date.
pulling code
Already up-to-date.
pulling code
Already up-to-date.
pulling code
Already up-to-date.
pulling code
Already up-to-date.
pulling code
Already up-to-date.
pulling code
Already up-to-date.
pulling code
Already up-to-date.
pulling code
Already up-to-date.
pulling code
Already up-to-date.
pulling code
Already up-to-date.
pulling code
Already up-to-date.
pulling code
Already up-to-date.
pulling code
Already up-to-date.
pulling code
Already up-to-date.
pulling code
Already up-to-date.
pulling code
Already up-to-date.
pulling code
Already up-to-date.
pulling code
Already up-to-date.
pulling code
Already up-to-date.
pulling code
Already up-to-date.
pulling code
From https://github.com/iceysteel/lynkd
   97e6f30..82e4948  master     -> origin/master
Updating 97e6f30..82e4948
Fast-forward
 search.html | 101 ++++++++++++++++++++++++++++++++++++++++++++++++++++++++++++
 1 file changed, 101 insertions(+)
 create mode 100644 search.html
pulling code
Already up-to-date.
pulling code
Already up-to-date.
pulling code
Already up-to-date.
pulling code
Already up-to-date.
pulling code
Already up-to-date.
pulling code
Already up-to-date.
pulling code
Already up-to-date.
pulling code
Already up-to-date.
pulling code
Already up-to-date.
pulling code
Already up-to-date.
pulling code
Already up-to-date.
pulling code
Already up-to-date.
pulling code
Already up-to-date.
pulling code
Already up-to-date.
pulling code
From https://github.com/iceysteel/lynkd
   82e4948..29cc012  master     -> origin/master
Updating 82e4948..29cc012
Fast-forward
 css/style.css |  6 ++++++
 index.html    | 27 +++++++--------------------
 2 files changed, 13 insertions(+), 20 deletions(-)
pulling code
Already up-to-date.
pulling code
Already up-to-date.
pulling code
Already up-to-date.
pulling code
Already up-to-date.
pulling code
Already up-to-date.
pulling code
Already up-to-date.
pulling code
Already up-to-date.
pulling code
Already up-to-date.
pulling code
Already up-to-date.
pulling code
Already up-to-date.
pulling code
Already up-to-date.
pulling code
Already up-to-date.
pulling code
Already up-to-date.
pulling code
Already up-to-date.
pulling code
Already up-to-date.
pulling code
Already up-to-date.
pulling code
Already up-to-date.
pulling code
Already up-to-date.
pulling code
Already up-to-date.
pulling code
Already up-to-date.
pulling code
Already up-to-date.
pulling code
Already up-to-date.
pulling code
Already up-to-date.
pulling code
Already up-to-date.
pulling code
Already up-to-date.
pulling code
Already up-to-date.
pulling code
Already up-to-date.
pulling code
Already up-to-date.
pulling code
Already up-to-date.
pulling code
Already up-to-date.
pulling code
Already up-to-date.
pulling code
Already up-to-date.
pulling code
Already up-to-date.
pulling code
Already up-to-date.
pulling code
Already up-to-date.
pulling code
Already up-to-date.
pulling code
Already up-to-date.
pulling code
Already up-to-date.
pulling code
Already up-to-date.
pulling code
Already up-to-date.
pulling code
Already up-to-date.
pulling code
Already up-to-date.
pulling code
Already up-to-date.
pulling code
Already up-to-date.
pulling code
Already up-to-date.
pulling code
Already up-to-date.
pulling code
Already up-to-date.
pulling code
Already up-to-date.
pulling code
Already up-to-date.
pulling code
Already up-to-date.
pulling code
Already up-to-date.
pulling code
Already up-to-date.
pulling code
Already up-to-date.
pulling code
Already up-to-date.
pulling code
Already up-to-date.
pulling code
Already up-to-date.
pulling code
Already up-to-date.
pulling code
Already up-to-date.
pulling code
Already up-to-date.
pulling code
Already up-to-date.
pulling code
From https://github.com/iceysteel/lynkd
   29cc012..94b98c6  master     -> origin/master
Updating 29cc012..94b98c6
Fast-forward
 css/style.css |  17 ++++++++
 search.html   | 133 ++++++++++++++++++++++++++++++++--------------------------
 2 files changed, 91 insertions(+), 59 deletions(-)
pulling code
Already up-to-date.
pulling code
Already up-to-date.
pulling code
Already up-to-date.
pulling code
Already up-to-date.
pulling code
Already up-to-date.
pulling code
Already up-to-date.
pulling code
Already up-to-date.
pulling code
Already up-to-date.
pulling code
From https://github.com/iceysteel/lynkd
   94b98c6..7e0bf79  master     -> origin/master
Updating 94b98c6..7e0bf79
Fast-forward
 index.html | 41 +++++++++++++++--------------------------
 1 file changed, 15 insertions(+), 26 deletions(-)
pulling code
Already up-to-date.
pulling code
Already up-to-date.
pulling code
Already up-to-date.
pulling code
Already up-to-date.
pulling code
Already up-to-date.
pulling code
From https://github.com/iceysteel/lynkd
   7e0bf79..687c6c3  master     -> origin/master
Updating 7e0bf79..687c6c3
Fast-forward
 css/style.css |  5 +----
 img/logo.svg  | 23 +++++++++++++++++++++++
 index.html    |  2 +-
 search.html   |  2 +-
 4 files changed, 26 insertions(+), 6 deletions(-)
 create mode 100644 img/logo.svg
pulling code
Already up-to-date.
pulling code
Already up-to-date.
